[2026-07-22 19:27:08] Requête reçue
- Code (session): k5iypKEm876tMtbPTx
- Email: maria@yahoo.it
- Choix nuit: Non je rentrerai directement après la soirée
- RowID trouvé: 4
- Exception: Client error: `PATCH https://baserow.symbios.dev/api/database/rows/table/338/4/?user_field_names=true` resulted in a `400 Bad Request` response:
{"error":"ERROR_REQUEST_BODY_VALIDATION","detail":"The provided select option value 'Cérémonie + Vin d'honneur + Repas (truncated...)

[2026-07-22 19:28:49] Requête reçue
- Code (session): k5iypKEm876tMtbPTx
- Email: maria@yahoo.it
- Choix nuit: Non je rentrerai directement après la soirée
- RowID trouvé: 4
- ✓ Mise à jour réussie
[2026-07-22 19:29:18] Requête reçue
- Code (session): k5iypKEm876tMtbPTx
- Email: maria@yahoo.it
- Choix nuit: Oui j'aimerais rester
- RowID trouvé: 4
- ✓ Mise à jour réussie
[2026-07-22 19:31:45] Requête reçue
- Code (session): k5iypKEm876tMtbPTx
- Email: maria@yahoo.it
- Choix nuit: Non je rentrerai directement après la soirée
- RowID trouvé: 4
- Données envoyées à Baserow: {"famille":"Maria & Dino","email":"maria@yahoo.it","choix":["ceremonie","vinHonneur","repas"],"nuit":false,"consignes":"xxx","musique":"xxx","dateConfirmation":"2026-07-22"}
- ✓ Mise à jour réussie
[2026-07-22 19:33:30] Requête reçue
- Code (session): k5iypKEm876tMtbPTx
- Email: maria@yahoo.it
- Choix nuit: Oui j'aimerais rester
- RowID trouvé: 4
- Données envoyées à Baserow: {"famille":"Maria & Dino","email":"maria@yahoo.it","choix":[],"nuit":true,"consignes":"","musique":"","dateConfirmation":"2026-07-22"}
- ✓ Mise à jour réussie
[2026-07-22 19:35:04] Requête reçue
- Code (session): k5iypKEm876tMtbPTx
- Email: maria@yahoo.it
- Choix nuit: Oui j'aimerais rester
- Invites: ["Maria","Dino","Lorenzo","Andrea"]
- RowID trouvé: 4
- Données envoyées à Baserow: {"famille":"Maria & Dino","email":"maria@yahoo.it","choix":[],"nuit":true,"consignes":"","musique":"","invites":"[{\"prenom\":\"Maria\",\"statut\":\"confirme\"},{\"prenom\":\"Dino\",\"statut\":\"confirme\"},{\"prenom\":\"Lorenzo\",\"statut\":\"confirme\"},{\"prenom\":\"Andrea\",\"statut\":\"confirme\"}]","dateConfirmation":"2026-07-22"}
- ✓ Mise à jour réussie
[2026-07-22 19:35:10] Requête reçue
- Code (session): k5iypKEm876tMtbPTx
- Email: maria@yahoo.it
- Choix nuit: Oui j'aimerais rester
- Invites: ["Maria","Dino","Lorenzo","Andrea"]
- RowID trouvé: 4
- Données envoyées à Baserow: {"famille":"Maria & Dino","email":"maria@yahoo.it","choix":["ceremonie","vinHonneur","repas"],"nuit":true,"consignes":"","musique":"","invites":"[{\"prenom\":\"Maria\",\"statut\":\"confirme\"},{\"prenom\":\"Dino\",\"statut\":\"confirme\"},{\"prenom\":\"Lorenzo\",\"statut\":\"confirme\"},{\"prenom\":\"Andrea\",\"statut\":\"confirme\"}]","dateConfirmation":"2026-07-22"}
- ✓ Mise à jour réussie
[2026-07-22 19:35:19] Requête reçue
- Code (session): k5iypKEm876tMtbPTx
- Email: maria@yahoo.it
- Choix nuit: Oui j'aimerais rester
- Invites: ["Maria","Dino","Andrea"]
- RowID trouvé: 4
- Données envoyées à Baserow: {"famille":"Maria & Dino","email":"maria@yahoo.it","choix":[],"nuit":true,"consignes":"","musique":"","invites":"[{\"prenom\":\"Maria\",\"statut\":\"confirme\"},{\"prenom\":\"Dino\",\"statut\":\"confirme\"},{\"prenom\":\"Lorenzo\",\"statut\":\"attente\"},{\"prenom\":\"Andrea\",\"statut\":\"confirme\"}]","dateConfirmation":"2026-07-22"}
- ✓ Mise à jour réussie
[2026-07-22 19:35:26] Requête reçue
- Code (session): k5iypKEm876tMtbPTx
- Email: maria@yahoo.it
- Choix nuit: Oui j'aimerais rester
- Invites: ["Maria","Dino","Andrea"]
- RowID trouvé: 4
- Données envoyées à Baserow: {"famille":"Maria & Dino","email":"maria@yahoo.it","choix":[],"nuit":true,"consignes":"xxx","musique":"xxx","invites":"[{\"prenom\":\"Maria\",\"statut\":\"confirme\"},{\"prenom\":\"Dino\",\"statut\":\"confirme\"},{\"prenom\":\"Lorenzo\",\"statut\":\"attente\"},{\"prenom\":\"Andrea\",\"statut\":\"confirme\"}]","dateConfirmation":"2026-07-22"}
- ✓ Mise à jour réussie
[2026-07-22 19:35:30] Requête reçue
- Code (session): k5iypKEm876tMtbPTx
- Email: maria@yahoo.it
- Choix nuit: Non je rentrerai directement après la soirée
- Invites: ["Maria","Dino","Andrea"]
- RowID trouvé: 4
- Données envoyées à Baserow: {"famille":"Maria & Dino","email":"maria@yahoo.it","choix":[],"nuit":false,"consignes":"xxx","musique":"xxx","invites":"[{\"prenom\":\"Maria\",\"statut\":\"confirme\"},{\"prenom\":\"Dino\",\"statut\":\"confirme\"},{\"prenom\":\"Lorenzo\",\"statut\":\"attente\"},{\"prenom\":\"Andrea\",\"statut\":\"confirme\"}]","dateConfirmation":"2026-07-22"}
- ✓ Mise à jour réussie
[2026-07-22 19:35:35] Requête reçue
- Code (session): k5iypKEm876tMtbPTx
- Email: maria@yahoo.it
- Choix nuit: Non je rentrerai directement après la soirée
- Invites: ["Maria","Dino","Andrea"]
- RowID trouvé: 4
- Données envoyées à Baserow: {"famille":"Maria & Dino","email":"maria@yahoo.it","choix":["ceremonie"],"nuit":false,"consignes":"xxx","musique":"xxx","invites":"[{\"prenom\":\"Maria\",\"statut\":\"confirme\"},{\"prenom\":\"Dino\",\"statut\":\"confirme\"},{\"prenom\":\"Lorenzo\",\"statut\":\"attente\"},{\"prenom\":\"Andrea\",\"statut\":\"confirme\"}]","dateConfirmation":"2026-07-22"}
- ✓ Mise à jour réussie
[2026-07-22 19:36:38] Requête reçue
- Code (session): k5iypKEm876tMtbPTx
- Email: maria@yahoo.it
- Choix nuit: Non je rentrerai directement après la soirée
- Invites: ["Maria","Dino","Andrea"]
- RowID trouvé: 4
- Données envoyées à Baserow: {"famille":"Maria & Dino","email":"maria@yahoo.it","choix":["ceremonie","vinHonneur","repas"],"nuit":false,"consignes":"xxx","musique":"xxx","invites":"[{\"prenom\":\"Maria\",\"statut\":\"confirme\"},{\"prenom\":\"Dino\",\"statut\":\"confirme\"},{\"prenom\":\"Lorenzo\",\"statut\":\"attente\"},{\"prenom\":\"Andrea\",\"statut\":\"confirme\"}]","dateConfirmation":"2026-07-22"}
- ✓ Mise à jour réussie
[2026-07-22 19:37:35] Requête reçue
- Code (session): k5iypKEm876tMtbPTx
- Email: maria@yahoo.it
- Choix nuit: Non je rentrerai directement après la soirée
- Invites: ["Maria","Dino","Andrea"]
- RowID trouvé: 4
- Données envoyées à Baserow: {"famille":"Maria & Dino","email":"maria@yahoo.it","choix":["ceremonie","vinHonneur","repas"],"nuit":false,"consignes":"xxx","musique":"xxx","invites":"[{\"prenom\":\"Maria\",\"statut\":\"confirme\"},{\"prenom\":\"Dino\",\"statut\":\"confirme\"},{\"prenom\":\"Lorenzo\",\"statut\":\"attente\"},{\"prenom\":\"Andrea\",\"statut\":\"confirme\"}]","dateConfirmation":"2026-07-22"}
- ✓ Mise à jour réussie

[RSVP DEBUG] choix structure: [{"id":1370,"value":"ceremonie","color":"cyan"},{"id":1371,"value":"vinHonneur","color":"light-purple"},{"id":1372,"value":"repas","color":"deep-dark-green"}]
[RSVP DEBUG] choix type: array
[RSVP DEBUG] item[0] type: array, value: {"id":1370,"value":"ceremonie","color":"cyan"}
[RSVP DEBUG] → extracted array id: 1370
[RSVP DEBUG] item[1] type: array, value: {"id":1371,"value":"vinHonneur","color":"light-purple"}
[RSVP DEBUG] → extracted array id: 1371
[RSVP DEBUG] item[2] type: array, value: {"id":1372,"value":"repas","color":"deep-dark-green"}
[RSVP DEBUG] → extracted array id: 1372
[RSVP DEBUG] choixActuels final: [1370,1371,1372]
[2026-07-22 19:38:57] Requête reçue
- Code (session): k5iypKEm876tMtbPTx
- Email: maria@yahoo.it
- Choix nuit: Non je rentrerai directement après la soirée
- Invites: ["Maria","Dino","Andrea"]
- RowID trouvé: 4
- Données envoyées à Baserow: {"famille":"Maria & Dino","email":"maria@yahoo.it","choix":["ceremonie","vinHonneur","repas"],"nuit":false,"consignes":"xxx","musique":"xxx","invites":"[{\"prenom\":\"Maria\",\"statut\":\"confirme\"},{\"prenom\":\"Dino\",\"statut\":\"confirme\"},{\"prenom\":\"Lorenzo\",\"statut\":\"attente\"},{\"prenom\":\"Andrea\",\"statut\":\"confirme\"}]","dateConfirmation":"2026-07-22"}
- ✓ Mise à jour réussie
[2026-07-22 19:40:50] Requête reçue
- Code (session): k5iypKEm876tMtbPTx
- Email: maria@yahoo.it
- Choix nuit: Non je rentrerai directement après la soirée
- Invites: ["Maria","Dino","Andrea"]
- RowID trouvé: 4
- Données envoyées à Baserow: {"famille":"Maria & Dino","email":"maria@yahoo.it","choix":["ceremonie","vinHonneur","repas"],"nuit":false,"consignes":"xxx","musique":"xxx","invites":"[{\"prenom\":\"Maria\",\"statut\":\"confirme\"},{\"prenom\":\"Dino\",\"statut\":\"confirme\"},{\"prenom\":\"Lorenzo\",\"statut\":\"attente\"},{\"prenom\":\"Andrea\",\"statut\":\"confirme\"}]","dateConfirmation":"2026-07-22"}
- ✓ Mise à jour réussie
[2026-07-22 19:40:56] Requête reçue
- Code (session): k5iypKEm876tMtbPTx
- Email: maria@yahoo.it
- Choix nuit: Non je rentrerai directement après la soirée
- Invites: ["Maria","Dino","Andrea"]
- RowID trouvé: 4
- Données envoyées à Baserow: {"famille":"Maria & Dino","email":"maria@yahoo.it","choix":["ceremonie"],"nuit":false,"consignes":"xxx","musique":"xxx","invites":"[{\"prenom\":\"Maria\",\"statut\":\"confirme\"},{\"prenom\":\"Dino\",\"statut\":\"confirme\"},{\"prenom\":\"Lorenzo\",\"statut\":\"attente\"},{\"prenom\":\"Andrea\",\"statut\":\"confirme\"}]","dateConfirmation":"2026-07-22"}
- ✓ Mise à jour réussie
[2026-07-22 19:41:13] Requête reçue
- Code (session): k5iypKEm876tMtbPTx
- Email: maria@yahoo.it
- Choix nuit: Non je rentrerai directement après la soirée
- Invites: ["Maria","Dino","Andrea"]
- RowID trouvé: 4
- Données envoyées à Baserow: {"famille":"Maria & Dino","email":"maria@yahoo.it","choix":["ceremonie","vinHonneur"],"nuit":false,"consignes":"xxx","musique":"xxx","invites":"[{\"prenom\":\"Maria\",\"statut\":\"confirme\"},{\"prenom\":\"Dino\",\"statut\":\"confirme\"},{\"prenom\":\"Lorenzo\",\"statut\":\"attente\"},{\"prenom\":\"Andrea\",\"statut\":\"confirme\"}]","dateConfirmation":"2026-07-22"}
- ✓ Mise à jour réussie
[2026-07-22 19:41:29] Requête reçue
- Code (session): k5iypKEm876tMtbPTx
- Email: maria@yahoo.it
- Choix nuit: Oui j'aimerais rester
- Invites: ["Maria","Dino","Lorenzo","Andrea"]
- RowID trouvé: 4
- Données envoyées à Baserow: {"famille":"Maria & Dino","email":"maria@yahoo.it","choix":["ceremonie","vinHonneur","repas"],"nuit":true,"consignes":"azerty","musique":"azerty","invites":"[{\"prenom\":\"Maria\",\"statut\":\"confirme\"},{\"prenom\":\"Dino\",\"statut\":\"confirme\"},{\"prenom\":\"Lorenzo\",\"statut\":\"confirme\"},{\"prenom\":\"Andrea\",\"statut\":\"confirme\"}]","dateConfirmation":"2026-07-22"}
- ✓ Mise à jour réussie
[2026-07-22 19:43:05] Requête reçue
- Code (session): k5iypKEm876tMtbPTx
- Email: maria@yahoo.it
- Choix nuit: Oui j'aimerais rester
- Invites: ["Maria","Dino","Lorenzo","Andrea"]
- RowID trouvé: 4
- Données envoyées à Baserow: {"famille":"Maria & Dino","email":"maria@yahoo.it","choix":["ceremonie","vinHonneur","repas"],"nuit":true,"consignes":"azerty","musique":"azerty","invites":"[{\"prenom\":\"Maria\",\"statut\":\"confirme\"},{\"prenom\":\"Dino\",\"statut\":\"confirme\"},{\"prenom\":\"Lorenzo\",\"statut\":\"confirme\"},{\"prenom\":\"Andrea\",\"statut\":\"confirme\"}]","dateConfirmation":"2026-07-22"}
- ✓ Mise à jour réussie
[2026-07-22 19:43:11] Requête reçue
- Code (session): k5iypKEm876tMtbPTx
- Email: maria@yahoo.it
- Choix nuit: Oui j'aimerais rester
- Invites: ["Maria","Dino","Lorenzo","Andrea"]
- RowID trouvé: 4
- Données envoyées à Baserow: {"famille":"Maria & Dino","email":"maria@yahoo.it","choix":["ceremonie","vinHonneur","repas"],"nuit":true,"consignes":"azerty","musique":"azerty","invites":"[{\"prenom\":\"Maria\",\"statut\":\"confirme\"},{\"prenom\":\"Dino\",\"statut\":\"confirme\"},{\"prenom\":\"Lorenzo\",\"statut\":\"confirme\"},{\"prenom\":\"Andrea\",\"statut\":\"confirme\"}]","dateConfirmation":"2026-07-22"}
- ✓ Mise à jour réussie
[2026-07-22 19:44:15] Requête reçue
- Code (session): k5iypKEm876tMtbPTx
- Email: maria@yahoo.it
- Choix nuit: Oui j'aimerais rester
- Invites: ["Maria","Dino","Lorenzo","Andrea"]
- RowID trouvé: 4
- Données envoyées à Baserow: {"famille":"Maria & Dino","email":"maria@yahoo.it","choix":["ceremonie","vinHonneur","repas"],"nuit":true,"consignes":"azerty","musique":"azerty","invites":"[{\"prenom\":\"Maria\",\"statut\":\"confirme\"},{\"prenom\":\"Dino\",\"statut\":\"confirme\"},{\"prenom\":\"Lorenzo\",\"statut\":\"confirme\"},{\"prenom\":\"Andrea\",\"statut\":\"confirme\"}]","dateConfirmation":"2026-07-22"}
- ✓ Mise à jour réussie
[2026-07-22 19:46:39] Requête reçue
- Code (session): k5iypKEm876tMtbPTx
- Email: maria@yahoo.it
- Choix nuit: Oui j'aimerais rester
- Invites: ["Maria","Dino","Lorenzo","Andrea"]
- RowID trouvé: 4
- Données envoyées à Baserow: {"famille":"Maria & Dino","email":"maria@yahoo.it","choix":["ceremonie","vinHonneur","repas"],"nuit":true,"consignes":"azerty","musique":"azerty","invites":"[{\"prenom\":\"Maria\",\"statut\":\"confirme\"},{\"prenom\":\"Dino\",\"statut\":\"confirme\"},{\"prenom\":\"Lorenzo\",\"statut\":\"confirme\"},{\"prenom\":\"Andrea\",\"statut\":\"confirme\"}]","dateConfirmation":"2026-07-22"}
- ✓ Mise à jour réussie
[2026-07-22 20:07:26] Requête reçue
- Code (session): k5iypKEm876tMtbPTx
- Email: maria@yahoo.it
- Choix nuit: Oui j'aimerais rester
- Invites: ["Maria","Dino","Lorenzo","Andrea"]
- RowID trouvé: 4
- Données envoyées à Baserow: {"famille":"Maria & Dino","email":"maria@yahoo.it","choix":["ceremonie","vinHonneur","repas"],"nuit":true,"consignes":"azerty","musique":"azerty","invites":"[{\"prenom\":\"Maria\",\"statut\":\"confirme\"},{\"prenom\":\"Dino\",\"statut\":\"confirme\"},{\"prenom\":\"Lorenzo\",\"statut\":\"confirme\"},{\"prenom\":\"Andrea\",\"statut\":\"confirme\"}]","dateConfirmation":"2026-07-22"}
- ✓ Mise à jour réussie
- ✗ Erreur fatale email : json_decode(): Argument #1 ($json) must be of type string, array given
[2026-07-22 20:08:02] Requête reçue
- Code (session): k5iypKEm876tMtbPTx
- Email: maria@yahoo.it
- Choix nuit: Oui j'aimerais rester
- Invites: ["Maria","Dino","Lorenzo","Andrea"]
- RowID trouvé: 4
- Données envoyées à Baserow: {"famille":"Maria & Dino","email":"maria@yahoo.it","choix":["ceremonie","vinHonneur","repas"],"nuit":true,"consignes":"azerty","musique":"azerty","invites":"[{\"prenom\":\"Maria\",\"statut\":\"confirme\"},{\"prenom\":\"Dino\",\"statut\":\"confirme\"},{\"prenom\":\"Lorenzo\",\"statut\":\"confirme\"},{\"prenom\":\"Andrea\",\"statut\":\"confirme\"}]","dateConfirmation":"2026-07-22"}
- ✓ Mise à jour réussie
- ✗ Erreur fatale email : json_decode(): Argument #1 ($json) must be of type string, array given
[2026-07-22 20:08:29] Requête reçue
- Code (session): k5iypKEm876tMtbPTx
- Email: maria@yahoo.it
- Choix nuit: Oui j'aimerais rester
- Invites: ["Maria","Dino","Lorenzo","Andrea"]
- RowID trouvé: 4
- Données envoyées à Baserow: {"famille":"Maria & Dino","email":"maria@yahoo.it","choix":["ceremonie","vinHonneur","repas"],"nuit":true,"consignes":"azerty","musique":"azerty","invites":"[{\"prenom\":\"Maria\",\"statut\":\"confirme\"},{\"prenom\":\"Dino\",\"statut\":\"confirme\"},{\"prenom\":\"Lorenzo\",\"statut\":\"confirme\"},{\"prenom\":\"Andrea\",\"statut\":\"confirme\"}]","dateConfirmation":"2026-07-22"}
- ✓ Mise à jour réussie
[2026-07-22 20:12:01] Requête reçue
- Code (session): k5iypKEm876tMtbPTx
- Email: maria@yahoo.it
- Choix nuit: Oui j'aimerais rester
- Invites: ["Maria","Dino","Lorenzo","Andrea"]
- RowID trouvé: 4
- Données envoyées à Baserow: {"famille":"Maria & Dino","email":"maria@yahoo.it","choix":["ceremonie","vinHonneur","repas"],"nuit":true,"consignes":"azerty","musique":"azerty","invites":"[{\"prenom\":\"Maria\",\"statut\":\"confirme\"},{\"prenom\":\"Dino\",\"statut\":\"confirme\"},{\"prenom\":\"Lorenzo\",\"statut\":\"confirme\"},{\"prenom\":\"Andrea\",\"statut\":\"confirme\"}]","dateConfirmation":"2026-07-22"}
- ✓ Mise à jour réussie
[2026-07-22 20:13:11] Requête reçue
- Code (session): k5iypKEm876tMtbPTx
- Email: maria@yahoo.it
- Choix nuit: Oui j'aimerais rester
- Invites: ["Maria","Dino","Lorenzo","Andrea"]
- RowID trouvé: 4
- Données envoyées à Baserow: {"famille":"Maria & Dino","email":"maria@yahoo.it","choix":["ceremonie","vinHonneur","repas"],"nuit":true,"consignes":"azerty","musique":"azerty","invites":"[{\"prenom\":\"Maria\",\"statut\":\"confirme\"},{\"prenom\":\"Dino\",\"statut\":\"confirme\"},{\"prenom\":\"Lorenzo\",\"statut\":\"confirme\"},{\"prenom\":\"Andrea\",\"statut\":\"confirme\"}]","dateConfirmation":"2026-07-22"}
- ✓ Mise à jour réussie
- [EMAIL] Début envoi notification
- [NOTIFICATION] Début envoi email
- [NOTIFICATION] Config SMTP chargée: host=boeuf.o2switch.net
- [NOTIFICATION] PHPMailer configuré
- [NOTIFICATION] Avant envoi. Destinataire: seb.collet@gmail.com
- [NOTIFICATION] ✓ Email envoyé avec succès à: seb.collet@gmail.com
- [EMAIL] Envoi complété
[2026-07-22 20:15:15] Requête reçue
- Code (session): k5iypKEm876tMtbPTx
- Email: maria@yahoo.it
- Choix nuit: Oui j'aimerais rester
- Invites: ["Maria","Dino","Lorenzo","Andrea"]
- RowID trouvé: 4
- Données envoyées à Baserow: {"famille":"Maria & Dino","email":"maria@yahoo.it","choix":["ceremonie","vinHonneur","repas"],"nuit":true,"consignes":"azerty","musique":"azerty","invites":"[{\"prenom\":\"Maria\",\"statut\":\"confirme\"},{\"prenom\":\"Dino\",\"statut\":\"confirme\"},{\"prenom\":\"Lorenzo\",\"statut\":\"confirme\"},{\"prenom\":\"Andrea\",\"statut\":\"confirme\"}]","dateConfirmation":"2026-07-22"}
- ✓ Mise à jour réussie
- [EMAIL] Début envoi notification
- [NOTIFICATION] Début envoi email
- [NOTIFICATION] Config SMTP chargée: host=boeuf.o2switch.net
- [NOTIFICATION] PHPMailer configuré
- [NOTIFICATION] Avant envoi. Destinataire: seb.collet@gmail.com
- [NOTIFICATION] ✓ Email envoyé avec succès à: seb.collet@gmail.com
- [EMAIL] Envoi complété
[2026-07-22 20:18:55] Requête reçue
- Code (session): k5iypKEm876tMtbPTx
- Email: seb.collet+maria@gmail.com
- Choix nuit: Oui j'aimerais rester
- Invites: ["Maria","Dino","Lorenzo","Andrea"]
- RowID trouvé: 4
- Données envoyées à Baserow: {"famille":"Maria & Dino","email":"seb.collet+maria@gmail.com","choix":["ceremonie","vinHonneur","repas"],"nuit":true,"consignes":"azerty","musique":"azerty","invites":"[{\"prenom\":\"Maria\",\"statut\":\"confirme\"},{\"prenom\":\"Dino\",\"statut\":\"confirme\"},{\"prenom\":\"Lorenzo\",\"statut\":\"confirme\"},{\"prenom\":\"Andrea\",\"statut\":\"confirme\"}]","dateConfirmation":"2026-07-22"}
- ✓ Mise à jour réussie
- [EMAIL] Début envoi notification
- [NOTIFICATION] Début envoi email
- [NOTIFICATION] Config SMTP chargée: host=boeuf.o2switch.net
- [NOTIFICATION] PHPMailer configuré
- [NOTIFICATION] Avant envoi. Destinataire: seb.collet@gmail.com
- [NOTIFICATION] ✓ Email envoyé avec succès à: seb.collet@gmail.com
- [EMAIL] Envoi complété
[2026-07-22 20:20:38] Requête reçue
- Code (session): k5iypKEm876tMtbPTx
- Email: seb.collet+maria@gmail.com
- Choix nuit: Oui j'aimerais rester
- Invites: ["Maria","Dino","Lorenzo","Andrea"]
- RowID trouvé: 4
- Données envoyées à Baserow: {"famille":"Maria & Dino","email":"seb.collet+maria@gmail.com","choix":["ceremonie","vinHonneur","repas"],"nuit":true,"consignes":"azerty","musique":"azerty","invites":"[{\"prenom\":\"Maria\",\"statut\":\"confirme\"},{\"prenom\":\"Dino\",\"statut\":\"confirme\"},{\"prenom\":\"Lorenzo\",\"statut\":\"confirme\"},{\"prenom\":\"Andrea\",\"statut\":\"confirme\"}]","dateConfirmation":"2026-07-22"}
- ✓ Mise à jour réussie
- [EMAIL] Début envoi notification
- [NOTIFICATION] Début envoi email
- [NOTIFICATION] Config SMTP chargée: host=boeuf.o2switch.net
- [NOTIFICATION] PHPMailer configuré
- [NOTIFICATION] Destinataires: à=seb.collet+maria@gmail.com, cc=seb.collet@gmail.com
- [NOTIFICATION] Avant envoi. Destinataire: seb.collet@gmail.com
- [NOTIFICATION] ✓ Email envoyé avec succès à: seb.collet@gmail.com
- [EMAIL] Envoi complété
[2026-07-22 20:21:09] Requête reçue
- Code (session): k5iypKEm876tMtbPTx
- Email: seb.collet+maria@gmail.com
- Choix nuit: Oui j'aimerais rester
- Invites: ["Maria","Dino","Lorenzo","Andrea"]
- RowID trouvé: 4
- Données envoyées à Baserow: {"famille":"Maria & Dino","email":"seb.collet+maria@gmail.com","choix":["ceremonie","vinHonneur","repas"],"nuit":true,"consignes":"azerty","musique":"azerty","invites":"[{\"prenom\":\"Maria\",\"statut\":\"confirme\"},{\"prenom\":\"Dino\",\"statut\":\"confirme\"},{\"prenom\":\"Lorenzo\",\"statut\":\"confirme\"},{\"prenom\":\"Andrea\",\"statut\":\"confirme\"}]","dateConfirmation":"2026-07-22"}
- ✓ Mise à jour réussie
- [EMAIL] Début envoi notification
- [NOTIFICATION] Début envoi email
- [NOTIFICATION] Config SMTP chargée: host=boeuf.o2switch.net
- [NOTIFICATION] PHPMailer configuré
- [NOTIFICATION] Destinataires: à=seb.collet+maria@gmail.com, cc=seb.collet@gmail.com
- [NOTIFICATION] Avant envoi. Destinataire: seb.collet@gmail.com
- [NOTIFICATION] ✓ Email envoyé avec succès à: seb.collet@gmail.com
- [EMAIL] Envoi complété
[2026-07-22 20:37:38] Requête reçue
- Code (session): k5iypKEm876tMtbPTx
- Email: seb.collet+maria@gmail.com
- Choix nuit: Oui j'aimerais rester
- Invites: ["Maria","Dino","Lorenzo","Andrea"]
- RowID trouvé: 4
- Données envoyées à Baserow: {"famille":"Maria & Dino","email":"seb.collet+maria@gmail.com","choix":["ceremonie","vinHonneur","repas"],"nuit":true,"consignes":"azerty","musique":"azerty","invites":"[{\"prenom\":\"Maria\",\"statut\":\"confirme\"},{\"prenom\":\"Dino\",\"statut\":\"confirme\"},{\"prenom\":\"Lorenzo\",\"statut\":\"confirme\"},{\"prenom\":\"Andrea\",\"statut\":\"confirme\"}]","dateConfirmation":"2026-07-22"}
- ✓ Mise à jour réussie
- [EMAIL] Début envoi notification
- [NOTIFICATION] Début envoi emails
- [NOTIFICATION] Config SMTP chargée
- [NOTIFICATION] Envoi email à invité: seb.collet+maria@gmail.com
- [NOTIFICATION] ✓ Email invité envoyé à: seb.collet+maria@gmail.com
- [NOTIFICATION] Envoi email copie à: seb.collet@gmail.com
- [NOTIFICATION] ✓ Email copie envoyé à: seb.collet@gmail.com
- [EMAIL] Envoi complété
[2026-07-22 20:42:37] Requête reçue
- Code (session): k5iypKEm876tMtbPTx
- Email: seb.collet+maria@gmail.com
- Choix nuit: Oui j'aimerais rester
- Invites: ["Maria","Dino","Lorenzo","Andrea"]
- RowID trouvé: 4
- Données envoyées à Baserow: {"famille":"Maria & Dino","email":"seb.collet+maria@gmail.com","choix":["ceremonie","vinHonneur","repas"],"nuit":true,"consignes":"vegan","musique":"Last night a DJ saved my life","invites":"[{\"prenom\":\"Maria\",\"statut\":\"confirme\"},{\"prenom\":\"Dino\",\"statut\":\"confirme\"},{\"prenom\":\"Lorenzo\",\"statut\":\"confirme\"},{\"prenom\":\"Andrea\",\"statut\":\"confirme\"}]","dateConfirmation":"2026-07-22"}
- ✓ Mise à jour réussie
- [EMAIL] Début envoi notification
- [NOTIFICATION] Début envoi emails
- [NOTIFICATION] Config SMTP chargée
- [NOTIFICATION] Envoi email à invité: seb.collet+maria@gmail.com
- [NOTIFICATION] ✓ Email invité envoyé à: seb.collet+maria@gmail.com
- [NOTIFICATION] Envoi email copie à: seb.collet@gmail.com
- [NOTIFICATION] ✓ Email copie envoyé à: seb.collet@gmail.com
- [EMAIL] Envoi complété
[2026-07-22 20:45:12] Requête reçue
- Code (session): k5iypKEm876tMtbPTx
- Email: seb.collet+maria@gmail.com
- Choix nuit: Oui j'aimerais rester
- Invites: ["Maria","Dino","Lorenzo","Andrea"]
- RowID trouvé: 4
- Données envoyées à Baserow: {"famille":"Maria & Dino","email":"seb.collet+maria@gmail.com","choix":["ceremonie","vinHonneur","repas"],"nuit":true,"consignes":"vegan","musique":"Last night a DJ saved my life","invites":"[{\"prenom\":\"Maria\",\"statut\":\"confirme\"},{\"prenom\":\"Dino\",\"statut\":\"confirme\"},{\"prenom\":\"Lorenzo\",\"statut\":\"confirme\"},{\"prenom\":\"Andrea\",\"statut\":\"confirme\"}]","dateConfirmation":"2026-07-22"}
- ✓ Mise à jour réussie
- [EMAIL] Début envoi notification
- [NOTIFICATION] Début envoi emails
- [NOTIFICATION] Config SMTP chargée
- [NOTIFICATION] Envoi email à invité: seb.collet+maria@gmail.com
- [NOTIFICATION] ✓ Email invité envoyé à: seb.collet+maria@gmail.com
- [NOTIFICATION] Envoi email copie à: seb.collet@gmail.com
- [NOTIFICATION] ✓ Email copie envoyé à: seb.collet@gmail.com
- [EMAIL] Envoi complété
